<?xml version="1.0" encoding="UTF-8"?>
<!-- Generated by org.testng.reporters.JUnitXMLReporter -->
<testsuite ignored="0" hostname="SanuVerma123" failures="0" tests="4" name="Default test" time="55.325" errors="0" timestamp="2024-08-24T23:56:47 IST">
  <testcase classname="testCases.TC_01_Shopping" name="verify_Shopping" time="16.032"/>
  <testcase classname="testCases.TC_01_Shopping" name="verify_Filter" time="6.793"/>
  <testcase classname="testCases.TC_01_Shopping" name="verify_Add" time="10.755"/>
  <testcase classname="testCases.TC_01_Shopping" name="verify_Personal_Information" time="16.294"/>
</testsuite> <!-- Default test -->
