<?xml version="1.0" encoding="UTF-8"?>
<!-- Generated by org.testng.reporters.JUnitXMLReporter -->
<testsuite ignored="0" hostname="SanuVerma123" failures="0" tests="4" name="Test" time="57.406" errors="0" timestamp="2024-09-02T19:00:07 IST">
  <testcase classname="testCases.TC_01_Shopping" name="verify_Shopping" time="9.018"/>
  <testcase classname="testCases.TC_01_Shopping" name="verify_Filter" time="9.606"/>
  <testcase classname="testCases.TC_01_Shopping" name="verify_Add" time="10.749"/>
  <testcase classname="testCases.TC_01_Shopping" name="verify_Personal_Information" time="18.935"/>
</testsuite> <!-- Test -->
