<?xml version="1.0" encoding="UTF-8"?>
<!-- Generated by org.testng.reporters.JUnitXMLReporter -->
<testsuite ignored="0" hostname="SanuVerma123" failures="0" tests="4" name="Test" time="65.209" errors="0" timestamp="2024-09-02T01:38:56 IST">
  <testcase classname="testCases.TC_01_Shopping" name="verify_Shopping" time="9.909"/>
  <testcase classname="testCases.TC_01_Shopping" name="verify_Filter" time="15.506"/>
  <testcase classname="testCases.TC_01_Shopping" name="verify_Add" time="12.645"/>
  <testcase classname="testCases.TC_01_Shopping" name="verify_Personal_Information" time="18.868"/>
</testsuite> <!-- Test -->
